Dataset in use: EUROPARL
Data set sizes (number of sentence pairs):
train 170000
valid 8500
test 8500
First training example:
src: wir liegen hier also auf einer wellenlänge .
trg: so we are on exactly the same wavelength here .
Most common words (src):
                   .     163838
                   ,     159917
                 die     110970
                 der      89809
                 und      63445
                  in      43235
                 wir      35103
                  zu      34009
                 ist      33687
                 ich      32961
                 das      31892
                 den      30527
                 für      27022
                  es      25510
                 von      24808
               nicht      23825
                eine      21424
              werden      20114
                dass      19772
                 auf      19769
Most common words (trg):
                 the     199775
                   .     162195
                   ,     116180
                  to      90357
                  of      89715
                 and      64312
                  in      62531
                  is      57594
                that      49229
                   a      47485
                  we      38672
                this      37809
                   i      35921
                 for      31872
                  it      29674
                  be      28228
                  on      26038
                 not      24333
                 are      23745
                have      22474
First 10 words (src):
00 <unk>
01 <pad>
02 .
03 ,
04 die
05 der
06 und
07 in
08 wir
09 zu
First 10 words (trg):
00 <unk>
01 <pad>
02 <s>
03 </s>
04 the
05 .
06 ,
07 to
08 of
09 and
Maximal vocabulary size: 30000
Minimal word frequency (src/trg): 5
Number of Vocabulary source words (types): 20004
Number of Vocabulary target words (types): 12746

###### Training dataset information #######
Total UNKs in source vocabulary: 64774
Total UNKs in target vocabulary: 19707
Total SRC words in the training dataset: 2951256
Total TRG words in the training dataset: 3118247

###### Validaiton dataset information #######
Validaition total source UNKs: 5519 | Validaition total target UNKs: 1961
Total SRC words in the test dataset: 147616
Total TRG words in the test dataset: 155671

###### Test dataset information #######
Test total source UNKs: 5667 | Test total target UNKs: 2029
Total SRC words in the test dataset: 146694
Total TRG words in the test dataset: 155279
