========== Europarl Statistics (after tokenization) ==========

========== Commands  ==========
python3 run_custom_nmt.py --reverse True -v 30000 --train 170000 --val 1020 --test 1190
python3 run_custom_nmt.py --reverse True -v 30000 --train 170000 --val 1020 --test 1190 --min 0

python3 run_custom_nmt.py --reverse True -v 30000 --train 340000 --val 2040 --test 2380
python3 run_custom_nmt.py --reverse True -v 30000 --train 340000 --val 2040 --test 2380 --min 0

python3 run_custom_nmt.py --reverse True -v 30000 --train 680000 --val 4080 --test 4760
python3 run_custom_nmt.py --reverse True -v 30000 --train 680000 --val 4080 --test 4760 --min 0


==============================

Language combination: DE-EN
Splitting (args): 170000, 1020, 1190
Minimal word frequency (src/trg): 5

Dataset in use: EUROPARL
Data set sizes (number of sentence pairs):
train 169926
valid 1021
test 1190
First training example:
src: politisch gesehen ist schottland derzeit benachteiligt da london die nationalen interessen unseres landes repraesentiert
trg: scotland politically is in a disadvantaged position at this moment with our national interests being represented from london
Most common words (src):
                 die     119939
                 der      98631
                 und      71877
                  in      47475
                  zu      37898
                 wir      36928
                 ich      34994
                 ist      34993
                 den      33506
                 das      33259
                dass      30950
                fuer      29294
                 von      27394
                  es      27312
               nicht      25405
                eine      22933
              PERSON      22164
                 NUM      21545
                 auf      21496
              werden      21364
Most common words (trg):
                 the     215996
                  to      98538
                  of      98138
                 and      72848
                  in      68946
                  is      59407
                that      53305
                   a      50080
                  we      40492
                this      39460
                   I      38258
                 for      34609
                  it      31236
                  be      29347
                  on      28882
                 not      25512
                 are      25260
                have      23824
                 NUM      20658
                  as      19034
Total UNKs in the source dataset: 0
Total UNKs in the target dataset: 0
First 10 words (src):
00 <unk>
01 <pad>
02 die
03 der
04 und
05 in
06 zu
07 wir
08 ich
09 ist
First 10 words (trg):
00 <unk>
01 <pad>
02 <s>
03 </s>
04 the
05 to
06 of
07 and
08 in
09 is
Number of Vocabulary source words (types): 20007
Number of Vocabulary target words (types): 12344
Total SRC words in the training dataset: 2815904
Total TRG words in the training dataset: 3008360
******************************************************
Minimal word frequency (src/trg): 0 (full vocabulary)

Dataset in use: EUROPARL
Data set sizes (number of sentence pairs):
train 169926
valid 1021
test 1190
First training example:
src: politisch gesehen ist schottland derzeit benachteiligt da london die nationalen interessen unseres landes repraesentiert
trg: scotland politically is in a disadvantaged position at this moment with our national interests being represented from london
Most common words (src):
                 die     119939
                 der      98631
                 und      71877
                  in      47475
                  zu      37898
                 wir      36928
                 ich      34994
                 ist      34993
                 den      33506
                 das      33259
                dass      30950
                fuer      29294
                 von      27394
                  es      27312
               nicht      25405
                eine      22933
              PERSON      22164
                 NUM      21545
                 auf      21496
              werden      21364
Most common words (trg):
                 the     215996
                  to      98538
                  of      98138
                 and      72848
                  in      68946
                  is      59407
                that      53305
                   a      50080
                  we      40492
                this      39460
                   I      38258
                 for      34609
                  it      31236
                  be      29347
                  on      28882
                 not      25512
                 are      25260
                have      23824
                 NUM      20658
                  as      19034
Total UNKs in the source dataset: 0
Total UNKs in the target dataset: 0
First 10 words (src):
00 <unk>
01 <pad>
02 die
03 der
04 und
05 in
06 zu
07 wir
08 ich
09 ist
First 10 words (trg):
00 <unk>
01 <pad>
02 <s>
03 </s>
04 the
05 to
06 of
07 and
08 in
09 is
Number of Vocabulary source words (types): 30002
Number of Vocabulary target words (types): 30004
Total SRC words in the training dataset: 2815904
Total TRG words in the training dataset: 3008360

============================================================

Splitting (args): train 340000, val 2040, test 2380
Minimal word frequency (src/trg): 5

Dataset in use: EUROPARL
Data set sizes (number of sentence pairs):
train 339854
valid 2040
test 2379
First training example:
src: politisch gesehen ist schottland derzeit benachteiligt da london die nationalen interessen unseres landes repraesentiert
trg: scotland politically is in a disadvantaged position at this moment with our national interests being represented from london
Most common words (src):
                 die     239852
                 der     197678
                 und     144004
                  in      94953
                  zu      75962
                 wir      73357
                 ich      70048
                 ist      70005
                 den      67241
                 das      66754
                dass      61618
                fuer      58499
                 von      54745
                  es      54628
               nicht      50640
                eine      45736
              PERSON      44021
                 auf      42987
                 NUM      42918
              werden      42759
Most common words (trg):
                 the     433359
                  of     196964
                  to     196790
                 and     145920
                  in     138055
                  is     119768
                that     106203
                   a      99953
                  we      80695
                this      78899
                   I      76338
                 for      69042
                  it      62336
                  be      58648
                  on      57750
                 not      51139
                 are      50512
                have      47371
                 NUM      41155
                  as      38088
Total UNKs in the source dataset: 0
Total UNKs in the target dataset: 0
First 10 words (src):
00 <unk>
01 <pad>
02 die
03 der
04 und
05 in
06 zu
07 wir
08 ich
09 ist
First 10 words (trg):
00 <unk>
01 <pad>
02 <s>
03 </s>
04 the
05 of
06 to
07 and
08 in
09 is
Number of Vocabulary source words (types): 29670
Number of Vocabulary target words (types): 16349
Total SRC words in the training dataset: 5636204
Total TRG words in the training dataset: 6020759

******************************************************
Minimal word frequency (src/trg): 0 (full vocabulary)

Dataset in use: EUROPARL
Data set sizes (number of sentence pairs):
train 339854
valid 2040
test 2379
First training example:
src: politisch gesehen ist schottland derzeit benachteiligt da london die nationalen interessen unseres landes repraesentiert
trg: scotland politically is in a disadvantaged position at this moment with our national interests being represented from london
Most common words (src):
                 die     239852
                 der     197678
                 und     144004
                  in      94953
                  zu      75962
                 wir      73357
                 ich      70048
                 ist      70005
                 den      67241
                 das      66754
                dass      61618
                fuer      58499
                 von      54745
                  es      54628
               nicht      50640
                eine      45736
              PERSON      44021
                 auf      42987
                 NUM      42918
              werden      42759
Most common words (trg):
                 the     433359
                  of     196964
                  to     196790
                 and     145920
                  in     138055
                  is     119768
                that     106203
                   a      99953
                  we      80695
                this      78899
                   I      76338
                 for      69042
                  it      62336
                  be      58648
                  on      57750
                 not      51139
                 are      50512
                have      47371
                 NUM      41155
                  as      38088
Total UNKs in the source dataset: 0
Total UNKs in the target dataset: 0
First 10 words (src):
00 <unk>
01 <pad>
02 die
03 der
04 und
05 in
06 zu
07 wir
08 ich
09 ist
First 10 words (trg):
00 <unk>
01 <pad>
02 <s>
03 </s>
04 the
05 of
06 to
07 and
08 in
09 is
Number of Vocabulary source words (types): 30002
Number of Vocabulary target words (types): 30004
Total SRC words in the training dataset: 5636204
Total TRG words in the training dataset: 6020759

============================================================

Splitting (args): train 340000, val 2040, test 2380
Minimal word frequency (src/trg): 5

Dataset in use: EUROPARL
Data set sizes (number of sentence pairs):
train 679717
valid 4080
test 4758
First training example:
src: politisch gesehen ist schottland derzeit benachteiligt da london die nationalen interessen unseres landes repraesentiert
trg: scotland politically is in a disadvantaged position at this moment with our national interests being represented from london
Most common words (src):
                 die     480075
                 der     395564
                 und     288588
                  in     190073
                  zu     151424
                 wir     146825
                 ich     140760
                 ist     140116
                 den     134569
                 das     133721
                dass     123425
                fuer     117124
                 von     109125
                  es     108735
               nicht     101213
                eine      91799
              PERSON      87959
                 NUM      86180
                 auf      86172
              werden      85508
Most common words (trg):
                 the     868367
                  of     395297
                  to     393691
                 and     292567
                  in     275972
                  is     238985
                that     213124
                   a     200054
                  we     161527
                this     156953
                   I     153394
                 for     138452
                  it     124769
                  be     117746
                  on     115350
                 not     102292
                 are     100481
                have      94818
                 NUM      82672
                  as      76063
Total UNKs in the source dataset: 0
Total UNKs in the target dataset: 0
First 10 words (src):
00 <unk>
01 <pad>
02 die
03 der
04 und
05 in
06 zu
07 wir
08 ich
09 ist
First 10 words (trg):
00 <unk>
01 <pad>
02 <s>
03 </s>
04 the
05 of
06 to
07 and
08 in
09 is
Number of Vocabulary source words (types): 30002
Number of Vocabulary target words (types): 21292
Total SRC words in the training dataset: 11277223
Total TRG words in the training dataset: 12047828

******************************************************
Minimal word frequency (src/trg): 0 (full vocabulary)


Dataset in use: EUROPARL
Data set sizes (number of sentence pairs):
train 679717
valid 4080
test 4758
First training example:
src: politisch gesehen ist schottland derzeit benachteiligt da london die nationalen interessen unseres landes repraesentiert
trg: scotland politically is in a disadvantaged position at this moment with our national interests being represented from london
Most common words (src):
                 die     480075
                 der     395564
                 und     288588
                  in     190073
                  zu     151424
                 wir     146825
                 ich     140760
                 ist     140116
                 den     134569
                 das     133721
                dass     123425
                fuer     117124
                 von     109125
                  es     108735
               nicht     101213
                eine      91799
              PERSON      87959
                 NUM      86180
                 auf      86172
              werden      85508
Most common words (trg):
                 the     868367
                  of     395297
                  to     393691
                 and     292567
                  in     275972
                  is     238985
                that     213124
                   a     200054
                  we     161527
                this     156953
                   I     153394
                 for     138452
                  it     124769
                  be     117746
                  on     115350
                 not     102292
                 are     100481
                have      94818
                 NUM      82672
                  as      76063
Total UNKs in the source dataset: 0
Total UNKs in the target dataset: 0
First 10 words (src):
00 <unk>
01 <pad>
02 die
03 der
04 und
05 in
06 zu
07 wir
08 ich
09 ist
First 10 words (trg):
00 <unk>
01 <pad>
02 <s>
03 </s>
04 the
05 of
06 to
07 and
08 in
09 is
Number of Vocabulary source words (types): 30002
Number of Vocabulary target words (types): 30004
Total SRC words in the training dataset: 11277223
Total TRG words in the training dataset: 12047828

============================================================

Splitting (args): train ALL, val ALL, test ALL
Minimal word frequency (src/trg): 5

Dataset in use: EUROPARL
Data set sizes (number of sentence pairs):
train 824642
valid 392703
test 91624
First training example:
src: politisch gesehen ist schottland derzeit benachteiligt da london die nationalen interessen unseres landes repraesentiert
trg: scotland politically is in a disadvantaged position at this moment with our national interests being represented from london
Most common words (src):
                 die     854044
                 der     703884
                 und     513299
                  in     338539
                  zu     268710
                 wir     261590
                 ich     250592
                 ist     249614
                 den     239575
                 das     238578
                dass     219484
                fuer     208969
                 von     194325
                  es     192783
               nicht     180484
                eine     163787
              PERSON     156414
                 NUM     153586
                 auf     153182
              werden     152157
Most common words (trg):
                 the    1545869
                  of     703536
                  to     701644
                 and     520885
                  in     491856
                  is     425930
                that     379153
                   a     355882
                  we     287627
                this     279512
                   I     273224
                 for     246529
                  it     221564
                  be     210049
                  on     205177
                 not     182886
                 are     179154
                have     168337
                 NUM     147244
                  as     135856
Total UNKs in the source dataset: 0
Total UNKs in the target dataset: 0
First 10 words (src):
00 <unk>
01 <pad>
02 die
03 der
04 und
05 in
06 zu
07 wir
08 ich
09 ist
First 10 words (trg):
00 <unk>
01 <pad>
02 <s>
03 </s>
04 the
05 of
06 to
07 and
08 in
09 is
Number of Vocabulary source words (types): 30002
Number of Vocabulary target words (types): 26305
Total SRC words in the training dataset: 20069798
Total TRG words in the training dataset: 21443852


******************************************************
Minimal word frequency (src/trg): 0 (full vocabulary)

Dataset in use: EUROPARL
Data set sizes (number of sentence pairs):
train 824642
valid 392703
test 91624
First training example:
src: politisch gesehen ist schottland derzeit benachteiligt da london die nationalen interessen unseres landes repraesentiert
trg: scotland politically is in a disadvantaged position at this moment with our national interests being represented from london
Most common words (src):
                 die     854044
                 der     703884
                 und     513299
                  in     338539
                  zu     268710
                 wir     261590
                 ich     250592
                 ist     249614
                 den     239575
                 das     238578
                dass     219484
                fuer     208969
                 von     194325
                  es     192783
               nicht     180484
                eine     163787
              PERSON     156414
                 NUM     153586
                 auf     153182
              werden     152157
Most common words (trg):
                 the    1545869
                  of     703536
                  to     701644
                 and     520885
                  in     491856
                  is     425930
                that     379153
                   a     355882
                  we     287627
                this     279512
                   I     273224
                 for     246529
                  it     221564
                  be     210049
                  on     205177
                 not     182886
                 are     179154
                have     168337
                 NUM     147244
                  as     135856
Total UNKs in the source dataset: 0
Total UNKs in the target dataset: 0
First 10 words (src):
00 <unk>
01 <pad>
02 die
03 der
04 und
05 in
06 zu
07 wir
08 ich
09 ist
First 10 words (trg):
00 <unk>
01 <pad>
02 <s>
03 </s>
04 the
05 of
06 to
07 and
08 in
09 is
Number of Vocabulary source words (types): 30002
Number of Vocabulary target words (types): 30004
Total SRC words in the training dataset: 20069798
Total TRG words in the training dataset: 21443852